make all --print-data-base --no-builtin-variables --no-builtin-rules --question
make: *** No rule to make target 'all'.  Stop.
 
# GNU Make 4.3
# Built for x86_64-pc-linux-gnu
# Copyright (C) 1988-2020 Free Software Foundation, Inc.
# License GPLv3+: GNU GPL version 3 or later <http://gnu.org/licenses/gpl.html>
# This is free software: you are free to change and redistribute it.
# There is NO WARRANTY, to the extent permitted by law.

# Make data base, printed on Fri Jan 14 10:55:31 2022

# Variables

# environment
GDK_BACKEND = x11
# environment
LC_ALL = C
# environment
NO_AT_BRIDGE = 1
# makefile (from 'Makefile', line 7)
TASK := clean 
# environment
GJS_DEBUG_OUTPUT = stderr
# environment
CSF_EXCEPTION_PROMPT = 1
# makefile (from 'Makefile', line 3)
MV := mv
# environment
VSCODE_IPC_HOOK_EXTHOST = /run/user/1000/vscode-ipc-cb92d652-db43-4302-bb9a-a2154280b985.sock
# environment
CSF_XmlOcafResource = /usr/share/opencascade/resources/XmlOcafResource
# environment
LC_NUMERIC = en_US.UTF-8
# environment
VSCODE_CWD = /home/andreas
# environment
WINDOWPATH = 2
# environment
MMGT_CLEAR = 1
# environment
CSF_XCAFDefaults = /usr/share/opencascade/resources/StdResource
# environment
CSF_PluginDefaults = /usr/share/opencascade/resources/StdResource
# environment
CASROOT = /usr
# environment
GDM_LANG = de_DE.UTF-8
# default
MAKE_COMMAND := make
# automatic
@D = $(patsubst %/,%,$(dir $@))
# environment
VSCODE_HANDLES_UNCAUGHT_ERRORS = true
# default
.VARIABLES := 
# environment
PWD = /home/andreas/Entwicklung/osflow/projects/neorv32-setups/osflow
# automatic
%D = $(patsubst %/,%,$(dir $%))
# environment
MAIL = /var/spool/mail/andreas
# automatic
^D = $(patsubst %/,%,$(dir $^))
# environment
VSCODE_LOG_STACK = false
# automatic
%F = $(notdir $%)
# environment
VSCODE_CODE_CACHE_PATH = /home/andreas/.config/Code/CachedData/899d46d82c4c95423fb7e10e68eba52050e30ba3
# environment
CSF_ShadersDirectory = /usr/share/opencascade/resources/Shaders
# environment
LANG = C
# environment
XAUTHORITY = /run/user/1000/gdm/Xauthority
# default
.LOADED := 
# default
.INCLUDE_DIRS = /usr/include /usr/local/include /usr/include
# makefile
MAKEFLAGS = pqrR
# makefile
CURDIR := /home/andreas/Entwicklung/osflow/projects/neorv32-setups/osflow
# environment
VSCODE_PIPE_LOGGING = true
# makefile (from 'Makefile', line 9)
FOMU_REV = pvt
# environment
APPLICATION_INSIGHTS_NO_DIAGNOSTIC_CHANNEL = true
# automatic
*D = $(patsubst %/,%,$(dir $*))
# environment
MFLAGS = -pqrR
# environment
SSH_AUTH_SOCK = /run/user/1000/keyring/ssh
# default
.SHELLFLAGS := -c
# environment
CSF_MDTVTexturesDirectory = /usr/share/opencascade/resources/Textures
# automatic
+D = $(patsubst %/,%,$(dir $+))
# environment
XDG_SESSION_DESKTOP = gnome
# environment
VSCODE_CRASH_REPORTER_START_OPTIONS = {"companyName":"Microsoft","productName":"VSCode","submitURL":"appcenter://code?aid=fba07a4d-84bd-4fc8-a125-9640fc8ce171&uid=72d6ba33-3bd5-4fdd-8dbe-b2fafc813cf8&iid=72d6ba33-3bd5-4fdd-8dbe-b2fafc813cf8&sid=72d6ba33-3bd5-4fdd-8dbe-b2fafc813cf8","uploadToServer":true}
# makefile (from 'Makefile', line 1)
MAKEFILE_LIST := Makefile
# automatic
@F = $(notdir $@)
# environment
VSCODE_VERBOSE_LOGGING = true
# environment
VSCODE_PID = 2620
# environment
XDG_SESSION_TYPE = x11
# automatic
?D = $(patsubst %/,%,$(dir $?))
# environment
CSF_XSMessage = /usr/share/opencascade/resources/XSMessage
# environment
DRAWDEFAULT = /usr/share/opencascade/resources/DrawResources/DrawDefault
# environment
SESSION_MANAGER = local/PC:@/tmp/.ICE-unix/825,unix/PC:/tmp/.ICE-unix/825
# automatic
*F = $(notdir $*)
# environment
QT_QPA_PLATFORMTHEME = qt5ct
# environment
CHROME_DESKTOP = code-url-handler.desktop
# environment
CSF_SHMessage = /usr/share/opencascade/resources/SHMessage
# environment
DBUS_SESSION_BUS_ADDRESS = unix:path=/run/user/1000/bus
# automatic
<D = $(patsubst %/,%,$(dir $<))
# environment
VSCODE_NLS_CONFIG = {"locale":"de","availableLanguages":{"*":"de"},"_languagePackId":"1467f85883ce00c0d77fd1a5b57dda2a.de","_translationsConfigFile":"/home/andreas/.config/Code/clp/1467f85883ce00c0d77fd1a5b57dda2a.de/tcf.json","_cacheRoot":"/home/andreas/.config/Code/clp/1467f85883ce00c0d77fd1a5b57dda2a.de","_resolvedLanguagePackCoreLocation":"/home/andreas/.config/Code/clp/1467f85883ce00c0d77fd1a5b57dda2a.de/899d46d82c4c95423fb7e10e68eba52050e30ba3","_corruptedFile":"/home/andreas/.config/Code/clp/1467f85883ce00c0d77fd1a5b57dda2a.de/corrupted.info","_languagePackSupport":true}
# environment
BREAKPAD_DUMP_LOCATION = /home/andreas/.config/Code/exthost Crash Reports
# default
MAKE_HOST := x86_64-pc-linux-gnu
# makefile
SHELL = /bin/sh
# default
MAKECMDGOALS := all
# environment
GJS_DEBUG_TOPICS = JS ERROR;JS LOG
# environment
SHLVL = 0
# environment
CSF_TObjDefaults = /usr/share/opencascade/resources/StdResource
# environment
MAKELEVEL := 0
# makefile (from 'Makefile', line 1)
RTL_CORE_SRC := ../neorv32/rtl/core
# default
MAKE = $(MAKE_COMMAND)
# environment
PATH = /home/andreas/.local/bin:/home/andreas/.cargo/bin:/home/andreas/.local/bin:/usr/local/bin:/usr/bin:/usr/local/sbin:/usr/lib/jvm/default/bin:/usr/bin/site_perl:/usr/bin/vendor_perl:/usr/bin/core_perl:/opt/riscv/bin:/usr/lib/jvm/default/bin
# default
MAKEFILES := 
# environment
LC_MONETARY = en_US.UTF-8
# environment
CSF_OCCTResourcePath = /usr/share/opencascade/resources
# environment
MOTD_SHOWN = pam
# automatic
^F = $(notdir $^)
# environment
LC_TIME = en_US.UTF-8
# environment
INVOCATION_ID = 4d48789477f14013abf2bcd635036af0
# environment
VSCODE_LOG_NATIVE = false
# environment
USERNAME = andreas
# environment
CSF_StandardLiteDefaults = /usr/share/opencascade/resources/StdResource
# environment
CSF_STEPDefaults = /usr/share/opencascade/resources/XSTEPResource
# automatic
?F = $(notdir $?)
# environment
XDG_CURRENT_DESKTOP = GNOME
# environment
CSF_MIGRATION_TYPES = /usr/share/opencascade/resources/StdResource/MigrationSheet.txt
# environment
LS_COLORS = 
# automatic
+F = $(notdir $+)
# environment
DESKTOP_SESSION = gnome
# environment
ORIGINAL_XDG_CURRENT_DESKTOP = GNOME
# makefile (from 'Makefile', line 2)
TEMPLATES := ../neorv32/rtl/processor_templates
# 'override' directive
GNUMAKEFLAGS := 
# environment
LOGNAME = andreas
# environment
CSF_LANGUAGE = us
# environment
GIO_LAUNCHED_DESKTOP_FILE = /usr/share/applications/visual-studio-code.desktop
# environment
TERMINAL = /usr/bin/alacritty
# makefile (from 'Makefile', line 5)
.DEFAULT_GOAL := help
# environment
SYSTEMD_EXEC_PID = 841
# environment
CSF_TObjMessage = /usr/share/opencascade/resources/TObj
# environment
EDITOR = /usr/bin/nano
# environment
DISPLAY = :0
# environment
USER = andreas
# default
MAKE_VERSION := 4.3
# environment
MANAGERPID = 624
# environment
LC_MEASUREMENT = en_US.UTF-8
# environment
GIO_LAUNCHED_DESKTOP_FILE_PID = 2620
# environment
QT_STYLE_OVERRIDE = kvantum
# environment
_ = /usr/bin/make
# environment
LC_PAPER = en_US.UTF-8
# environment
XDG_RUNTIME_DIR = /run/user/1000
# environment
CSF_DrawPluginDefaults = /usr/share/opencascade/resources/DrawResources
# environment
CSF_IGESDefaults = /usr/share/opencascade/resources/XSTEPResource
# environment
JOURNAL_STREAM = 8:16164
# environment
XDG_SESSION_CLASS = user
# environment
VSCODE_AMD_ENTRYPOINT = vs/workbench/services/extensions/node/extensionHostProcess
# environment
HOME = /home/andreas
# environment
ELECTRON_RUN_AS_NODE = 1
# environment
DRAWHOME = /usr/share/opencascade/resources/DrawResources
# environment
VSCODE_IPC_HOOK = /run/user/1000/vscode-c813c3ac-1.63.2-main.sock
# environment
HG = /usr/bin/hg
# default
.RECIPEPREFIX := 
# automatic
<F = $(notdir $<)
# default
SUFFIXES := 
# environment
QT_AUTO_SCREEN_SCALE_FACTOR = 1
# environment
CSF_StandardDefaults = /usr/share/opencascade/resources/StdResource
# makefile (from 'Makefile', line 10)
OrangeCrab_REV = r02-25F
# default
.FEATURES := target-specific order-only second-expansion else-if shortest-stem undefine oneshell nocomment grouped-target extra-prereqs archives jobserver output-sync check-symlink guile load
# environment
XDG_MENU_PREFIX = gnome-
# environment
GDMSESSION = gnome
# variable set hash-table stats:
# Load=130/1024=13%, Rehash=0, Collisions=16/164=10%

# Pattern-specific Variable Values

# No pattern-specific variable values.

# Directories

 
# . (device 2049, inode 3824209): 15 files, no impossibilities.

# 15 files, no impossibilities in 1 directories.

# Implicit Rules

# No implicit rules.

# Files

IceZumAlhambraII:
#  Implicit rule search has not been done.
#  Modification time never checked.
#  File has not been updated.
#  recipe to execute (from 'Makefile', line 74):
	$(eval BITSTREAM ?= neorv32_$(BOARD)_$(DESIGN).bit)
	$(eval NEORV32_MEM_SRC ?= $(RTL_CORE_SRC)/mem/neorv32_imem.default.vhd $(RTL_CORE_SRC)/mem/neorv32_dmem.default.vhd)
	$(MAKE) \
	  BITSTREAM="$(BITSTREAM)" \
	  NEORV32_MEM_SRC="$(NEORV32_MEM_SRC)" \
	  run

# Not a target:
Makefile:
#  Implicit rule search has been done.
#  Last modified 2022-01-14 10:51:04.229118967
#  File has been updated.
#  Successfully updated.

UP5KDemo:
#  Implicit rule search has not been done.
#  Modification time never checked.
#  File has not been updated.
#  recipe to execute (from 'Makefile', line 116):
	$(eval DESIGN ?= $@)
	$(eval DESIGN_SRC ?= $(TEMPLATES)/neorv32_ProcessorTop_UP5KDemo.vhd)
	$(MAKE) \
	  DESIGN="$(DESIGN)" \
	  DESIGN_SRC="$(DESIGN_SRC)" \
	  $(BOARD)

Minimal:
#  Implicit rule search has not been done.
#  Modification time never checked.
#  File has not been updated.
#  recipe to execute (from 'Makefile', line 100):
	$(eval DESIGN ?= $@)
	$(eval DESIGN_SRC ?= $(TEMPLATES)/neorv32_ProcessorTop_Minimal*.vhd)
	$(MAKE) \
	  DESIGN="$(DESIGN)" \
	  DESIGN_SRC="$(DESIGN_SRC)" \
	  $(BOARD)

MinimalBoot:
#  Implicit rule search has not been done.
#  Modification time never checked.
#  File has not been updated.
#  recipe to execute (from 'Makefile', line 108):
	$(eval DESIGN ?= $@)
	$(eval DESIGN_SRC ?= $(TEMPLATES)/neorv32_ProcessorTop_MinimalBoot.vhd)
	$(MAKE) \
	  DESIGN="$(DESIGN)" \
	  DESIGN_SRC="$(DESIGN_SRC)" \
	  $(BOARD)

# Not a target:
.DEFAULT:
#  Implicit rule search has not been done.
#  Modification time never checked.
#  File has not been updated.

# Not a target:
all:
#  Command line target.
#  Implicit rule search has been done.
#  File does not exist.
#  File has not been updated.

run:
#  Implicit rule search has not been done.
#  Modification time never checked.
#  File has not been updated.
#  recipe to execute (from 'Makefile', line 17):
	$(eval TASK ?= clean $(BITSTREAM))
	$(eval TOP ?= neorv32_$(BOARD)_BoardTop_$(DESIGN))
	$(MAKE) -f common.mk \
	  BOARD_SRC=./board_tops/neorv32_$(BOARD)_BoardTop_$(DESIGN).vhd \
	  TOP="$(TOP)" \
	  ID="$(DESIGN)" \
	  $(TASK)
	IMPL="$${BITSTREAM%%.*}"; for item in ".bit" ".svf"; do \
	  if [ -f "./$$IMPL$$item" ]; then \
	    $(MV) "./$$IMPL$$item" ./; \
	  fi \
	done

UPDuino-v3.0:
#  Implicit rule search has not been done.
#  Modification time never checked.
#  File has not been updated.
#  recipe to execute (from 'Makefile', line 56):
	$(eval BITSTREAM ?= neorv32_$(BOARD)_$(DESIGN).bit)
	$(eval NEORV32_MEM_SRC ?= devices/ice40/neorv32_imem.ice40up_spram.vhd devices/ice40/neorv32_dmem.ice40up_spram.vhd)
	$(eval TOP ?= neorv32_UPDuinov30_BoardTop_$(DESIGN))
	$(MAKE) \
	  BITSTREAM="$(BITSTREAM)" \
	  NEORV32_MEM_SRC="$(NEORV32_MEM_SRC)" \
	  TOP="$(TOP)" \
	  run

help:
#  Implicit rule search has not been done.
#  Modification time never checked.
#  File has not been updated.
#  recipe to execute (from 'Makefile', line 136):
	@echo "Open-Source Synthesis, P&R, Routing and Bitstream Generation"
	@echo "Usage:   make BOARD=<fpga board> <board top>"
	@echo "Example: make BOARD=Fomu Minimal"

iCESugar-v1.5:
#  Implicit rule search has not been done.
#  Modification time never checked.
#  File has not been updated.
#  recipe to execute (from 'Makefile', line 46):
	$(eval BITSTREAM ?= neorv32_$(BOARD)_$(DESIGN).bit)
	$(eval NEORV32_MEM_SRC ?= devices/ice40/neorv32_imem.ice40up_spram.vhd devices/ice40/neorv32_dmem.ice40up_spram.vhd)
	$(eval TOP ?= neorv32_iCESugarv15_BoardTop_$(DESIGN))
	$(MAKE) \
	  BITSTREAM="$(BITSTREAM)" \
	  NEORV32_MEM_SRC="$(NEORV32_MEM_SRC)" \
	  TOP="$(TOP)" \
 
	  run

MixedLanguage:
#  Implicit rule search has not been done.
#  Modification time never checked.
#  File has not been updated.
#  recipe to execute (from 'Makefile', line 124):
	$(eval DESIGN ?= $@)
	$(eval DESIGN_SRC ?= $(TEMPLATES)/neorv32_ProcessorTop_Minimal*.vhd)
	$(eval NEORV32_VERILOG_SRC ?= devices/ice40/sb_ice40_components.v board_tops/neorv32_Fomu_MixedLanguage_ClkGen.v)
	$(MAKE) \
	  DESIGN="$(DESIGN)" \
	  DESIGN_SRC="$(DESIGN_SRC)" \
	  NEORV32_VERILOG_SRC="$(NEORV32_VERILOG_SRC)" \
	  $(BOARD)

OrangeCrab:
#  Implicit rule search has not been done.
#  Modification time never checked.
#  File has not been updated.
#  recipe to execute (from 'Makefile', line 66):
	$(eval BITSTREAM ?= neorv32_$(BOARD)_$(OrangeCrab_REV)_$(DESIGN).bit)
	$(eval NEORV32_MEM_SRC ?= $(RTL_CORE_SRC)/mem/neorv32_imem.default.vhd $(RTL_CORE_SRC)/mem/neorv32_dmem.default.vhd)
	$(MAKE) \
	  BITSTREAM="$(BITSTREAM)" \
	  NEORV32_MEM_SRC="$(NEORV32_MEM_SRC)" \
	  run

iCEBreaker:
#  Implicit rule search has not been done.
#  Modification time never checked.
#  File has not been updated.
#  recipe to execute (from 'Makefile', line 90):
	$(eval BITSTREAM ?= neorv32_$(BOARD)_$(DESIGN).bit)
	$(eval NEORV32_MEM_SRC ?= devices/ice40/neorv32_imem.ice40up_spram.vhd devices/ice40/neorv32_dmem.ice40up_spram.vhd)
	$(MAKE) \
	  BITSTREAM="$(BITSTREAM)" \
	  NEORV32_MEM_SRC="$(NEORV32_MEM_SRC)" \
	  run

Fomu:
#  Implicit rule search has not been done.
#  Modification time never checked.
#  File has not been updated.
#  recipe to execute (from 'Makefile', line 33):
	$(eval BITSTREAM ?= neorv32_$(BOARD)_$(FOMU_REV)_$(DESIGN).bit)
	$(eval IMEM_SRC := devices/ice40/neorv32_imem.ice40up_spram.vhd)
	$(eval NEORV32_MEM_SRC ?= ${IMEM_SRC} devices/ice40/neorv32_dmem.ice40up_spram.vhd)
	$(MAKE) \
	  BITSTREAM="$(BITSTREAM)" \
	  NEORV32_MEM_SRC="$(NEORV32_MEM_SRC)" \
	  run

ULX3S:
#  Implicit rule search has not been done.
#  Modification time never checked.
#  File has not been updated.
#  recipe to execute (from 'Makefile', line 82):
	$(eval BITSTREAM ?= neorv32_$(BOARD)_$(DESIGN).bit)
	$(eval NEORV32_MEM_SRC ?= $(RTL_CORE_SRC)/mem/neorv32_imem.default.vhd $(RTL_CORE_SRC)/mem/neorv32_dmem.default.vhd)
	$(MAKE) \
	  BITSTREAM="$(BITSTREAM)" \
	  NEORV32_MEM_SRC="$(NEORV32_MEM_SRC)" \
	  run

# files hash-table stats:
# Load=17/1024=2%, Rehash=0, Collisions=1/27=4%
# VPATH Search Paths

# No 'vpath' search paths.

# No general ('VPATH' variable) search path.

# strcache buffers: 1 (0) / strings = 33 / storage = 320 B / avg = 9 B
# current buf: size = 8162 B / used = 320 B / count = 33 / avg = 9 B

# strcache performance: lookups = 50 / hit rate = 34%
# hash-table stats:
# Load=33/8192=0%, Rehash=0, Collisions=0/50=0%
# Finished Make data base on Fri Jan 14 10:55:31 2022

 
